FILE_TYPE=LIBRARY_PARTS;
PRIMITIVE 'TS2306A_240GF_MSM_9_C388290','TS2306A_240GF_MSM_9_C388290_Other';
  PIN
    'NO':
      PIN_NUMBER='(1)';
      NO_LOAD_CHECK=BOTH;
      NO_IO_CHECK=BOTH;
      ALLOW_CONNECT=TRUE;
      PINUSE='UNSPEC';
    'COM':
      PIN_NUMBER='(2)';
      NO_LOAD_CHECK=BOTH;
      NO_IO_CHECK=BOTH;
      ALLOW_CONNECT=TRUE;
      PINUSE='UNSPEC';
  END_PIN;
  BODY
    PART_NAME='TS2306A_240GF_MSM_9_C388290';
    PHYS_DES_PREFIX='S';
    NO_LOAD_CHECK='TRUE';
    PIN_COUNT='2';
    BODY_NAME='TS2306A_240GF_MSM_9_C388290';
    JEDEC_TYPE='TS2306A240GFMSM9_C388290';
  END_BODY;
END_PRIMITIVE;
END.
