XAccel                  YAccel                          ZAccel                  XGyro                   YGyro       ZGyro
.................... [-213,-212] --> [-6,11]        [-3204,-3202] --> [-1,17]       [1739,1740] --> [16384,16398]   [-173,-172] --> [-2,1]  [210,211] --> [0,4] [54,55] --> [-1,1]
.................... [-213,-212] --> [-6,11]    [-3203,-3202] --> [0,17]        [1739,1740] --> [16383,16398]   [-173,-172] --> [-1,1]  [210,211] --> [0,4]  [54,55] --> [-2,1]
.................... [-213,-212] --> [-7,11]    [-3203,-3202] --> [0,17]        [1739,1740] --> [16384,16398]   [-173,-172] --> [-1,1]  [210,211] --> [0,4]  [54,55] --> [-1,1]
-------------- done --------------


....................    XAccel                  YAccel                          ZAccel                  XGyro                   YGyro                   ZGyro
 [-53,-52] --> [-9,11]  [-3034,-3032] --> [-4,14]       [1723,1724] --> [16382,16402]   [-173,-172] --> [0,4]   [216,217] --> [-2,1]    [45,46] --> [0,4]
.................... [-53,-52] --> [-13,11]     [-3033,-3032] --> [-3,14]       [1723,1724] --> [16374,16402]   [-173,-173] --> [0,1]   [216,217] --> [-2,1]    [45,46] --> [0,4]
.................... [-53,-52] --> [-14,11]     [-3033,-3032] --> [0,14]        [1723,1724] --> [16373,16402]   [-173,-173] --> [0,1]   [216,217] --> [-2,1]    [45,46] --> [0,4]

SENSE2

..      XAccel                  YAccel                          ZAccel                  XGyro                   YGyro                   ZGyro
 [-6118,-6114] --> [-31,15]     [1409,1410] --> [-4,12] [1392,1393] --> [16381,16385]   [64,65] --> [-2,2]      [-78,-77] --> [-1,1]    [35,36] --> [-1,2]
averaging 10000 readings each time
.................... [-6118,-6116] --> [-31,5]  [1409,1410] --> [-3,12] [1392,1392] --> [16381,16388]   [64,65] --> [-2,2]      [-78,-77] --> [-1,1]    [35,36] --> [-2,2]
.................... [-6117,-6116] --> [0,5]    [1409,1410] --> [0,12]  [1392,1392] --> [16381,16391]   [64,65] --> [-2,2]      [-78,-77] --> [0,1]     [35,36] --> [-1,2]
.................... [-6117,-6117] --> [0,14]   [1409,1410] --> [0,12]  [1392,1392] --> [16381,16394]   [64,65] --> [-3,2]      [-78,-77] --> [0,1]     [35,36] --> [-1,2]

SENSE4
....................    XAccel                  YAccel                          ZAccel                  XGyro                   YGyro                   ZGyro
 [-863,-862] --> [-7,11]        [-4579,-4576] --> [-8,28]       [1039,1040] --> [16378,16404]   [114,114] --> [0,1]     [-241,-241] --> [0,3]   [54,54] --> [-1,1]
.................... [-863,-862] --> [-6,11]    [-4579,-4577] --> [-8,10]       [1039,1040] --> [16370,16404]   [114,114] --> [0,1]     [-241,-241] --> [0,2]   [54,54] --> [-1,1]
.................... [-863,-862] --> [-5,11]    [-4579,-4578] --> [-8,7]        [1039,1040] --> [16366,16404]   [114,114] --> [0,1]     [-241,-241] --> [0,4]   [54,54] --> [-1,2]
.................... [-863,-862] --> [-6,11]    [-4579,-4578] --> [-10,7]       [1039,1040] --> [16361,16404]   [114,114] --> [0,2]     [-241,-241] --> [0,4]   [54,54] --> [-1,2]

SENSE5

....................    XAccel                  YAccel                          ZAccel                  XGyro                   YGyro                   ZGyro
 [2142,2144] --> [-4,14]        [-3886,-3884] --> [-10,8]       [1595,1596] --> [16376,16391]   [15,15] --> [0,2]       [107,108] --> [-1,3]    [65,66] --> [-1,2]
.................... [2143,2144] --> [-5,14]    [-3885,-3884] --> [-7,8]        [1595,1596] --> [16369,16391]   [15,15] --> [0,3]       [107,108] --> [-3,3]    [65,66] --> [-1,2]
.................... [2143,2144] --> [-8,14]    [-3885,-3884] --> [-11,8]       [1595,1596] --> [16371,16391]   [15,15] --> [0,3]       [107,108] --> [-4,3]    [65,66] --> [-2,2]
