FILE_TYPE=LIBRARY_PARTS;
PRIMITIVE 'S2B_PH_SM4_TB_LF__SN_','S2B_PH_SM4_TB_LF__SN__Other';
  PIN
    '1':
      PIN_NUMBER='(1)';
      NO_LOAD_CHECK=BOTH;
      NO_IO_CHECK=BOTH;
      ALLOW_CONNECT=TRUE;
      PINUSE='UNSPEC';
    '2':
      PIN_NUMBER='(2)';
      NO_LOAD_CHECK=BOTH;
      NO_IO_CHECK=BOTH;
      ALLOW_CONNECT=TRUE;
      PINUSE='UNSPEC';
    'MP1':
      PIN_NUMBER='(MP1)';
      NO_LOAD_CHECK=BOTH;
      NO_IO_CHECK=BOTH;
      ALLOW_CONNECT=TRUE;
      PINUSE='UNSPEC';
    'MP2':
      PIN_NUMBER='(MP2)';
      NO_LOAD_CHECK=BOTH;
      NO_IO_CHECK=BOTH;
      ALLOW_CONNECT=TRUE;
      PINUSE='UNSPEC';
  END_PIN;
  BODY
    PART_NAME='S2B_PH_SM4_TB_LF__SN_';
    PHYS_DES_PREFIX='J';
    NO_LOAD_CHECK='TRUE';
    PIN_COUNT='4';
    BODY_NAME='S2B_PH_SM4_TB_LF__SN_';
    JEDEC_TYPE='S2BPHSM4TBLFSN';
  END_BODY;
END_PRIMITIVE;
END.
